WARNING: You're using the Ruby-based MySQL library that ships with Rails. This library is not suited for production. Please install the C-based MySQL library instead (gem install mysql).
  [4;36;1mSQL (0.000000)[0m   [0;1mSET SQL_AUTO_IS_NULL=0[0m
  [4;35;1mSQL (0.203000)[0m   [0mCREATE TABLE `schema_info` (version int(11))[0m
  [4;36;1mSQL (0.063000)[0m   [0;1mINSERT INTO `schema_info` (version) VALUES(0)[0m
  [4;35;1mSQL (0.000000)[0m   [0mMysql::Error: #42S01Table 'schema_info' already exists: CREATE TABLE `schema_info` (version int(11))[0m
  [4;36;1mSQL (0.000000)[0m   [0;1mSELECT version FROM schema_info[0m
Migrating to CreateArticles (1)
  [4;35;1mSQL (0.125000)[0m   [0mCREATE TABLE `articles` (`id` int(11) DEFAULT NULL auto_increment PRIMARY KEY, `titre` varchar(255) DEFAULT NULL, `corps` text DEFAULT NULL, `auteur` varchar(255) DEFAULT NULL, `created_at` datetime DEFAULT NULL, `updated_at` datetime DEFAULT NULL) ENGINE=InnoDB[0m
  [4;36;1mSQL (0.047000)[0m   [0;1mUPDATE schema_info SET version = 1[0m
  [4;35;1mSQL (0.000000)[0m   [0mSELECT * FROM schema_info[0m
  [4;36;1mSQL (0.000000)[0m   [0;1mSHOW TABLES[0m
  [4;35;1mSQL (0.047000)[0m   [0mSHOW FIELDS FROM `articles`[0m
  [4;36;1mSQL (0.016000)[0m   [0;1mdescribe `articles`[0m
  [4;35;1mSQL (0.000000)[0m   [0mSHOW KEYS FROM `articles`[0m


Processing ArticlesController#index (for 127.0.0.1 at 2010-03-13 12:33:42) [GET]
  Session ID: 973ead514bd2cc473a9001ef9bc2cd04
  Parameters: {"action"=>"index", "controller"=>"articles"}
WARNING: You're using the Ruby-based MySQL library that ships with Rails. This library is not suited for production. Please install the C-based MySQL library instead (gem install mysql).
  [4;36;1mSQL (0.000000)[0m   [0;1mSET SQL_AUTO_IS_NULL=0[0m
  [4;35;1mArticle Load (0.047000)[0m   [0mSELECT * FROM `articles` [0m
Rendering template within layouts/articles
Rendering articles/index
Completed in 0.12500 (8 reqs/sec) | Rendering: 0.04700 (37%) | DB: 0.04700 (37%) | 200 OK [http://localhost/]


Processing ArticlesController#new (for 127.0.0.1 at 2010-03-13 12:34:12) [GET]
  Session ID: BAh7BiIKZmxhc2hJQzonQWN0aW9uQ29udHJvbGxlcjo6Rmxhc2g6OkZsYXNo%0ASGFzaHsABjoKQHVzZWR7AA%3D%3D--f710f70ba611f439c17ae412c0daa9e5a1469eee
  Parameters: {"action"=>"new", "controller"=>"articles"}
  [4;36;1mArticle Columns (0.000000)[0m   [0;1mSHOW FIELDS FROM `articles`[0m
Rendering template within layouts/articles
Rendering articles/new
Completed in 0.09400 (10 reqs/sec) | Rendering: 0.04700 (49%) | DB: 0.00000 (0%) | 200 OK [http://localhost/articles/new]


Processing ArticlesController#create (for 127.0.0.1 at 2010-03-13 12:34:54) [POST]
  Session ID: BAh7BzoMY3NyZl9pZCIlYmQ2N2MzNWEyOTNmOTM5MmE1ZDAxNzQwM2MyODhm%0AM2QiCmZsYXNoSUM6J0FjdGlvbkNvbnRyb2xsZXI6OkZsYXNoOjpGbGFzaEhh%0Ac2h7AAY6CkB1c2VkewA%3D--4e3655cfeaf437d01219d214091cd8135446df44
  Parameters: {"article"=>{"corps"=>"btejk", "auteur"=>"carmen", "titre"=>"savon"}, "commit"=>"Create", "authenticity_token"=>"c6bf354d77f94db887df8d7f3cbe24675df0fac3", "action"=>"create", "controller"=>"articles"}
  [4;35;1mArticle Columns (0.031000)[0m   [0mSHOW FIELDS FROM `articles`[0m
  [4;36;1mSQL (0.000000)[0m   [0;1mBEGIN[0m
  [4;35;1mArticle Create (0.016000)[0m   [0mINSERT INTO `articles` (`updated_at`, `corps`, `auteur`, `titre`, `created_at`) VALUES('2010-03-13 12:34:54', 'btejk', 'carmen', 'savon', '2010-03-13 12:34:54')[0m
  [4;36;1mSQL (0.046000)[0m   [0;1mCOMMIT[0m
Redirected to http://localhost:3000/articles/1
Completed in 0.12500 (8 reqs/sec) | DB: 0.09300 (74%) | 302 Found [http://localhost/articles]


Processing ArticlesController#show (for 127.0.0.1 at 2010-03-13 12:34:54) [GET]
  Session ID: BAh7BzoMY3NyZl9pZCIlYmQ2N2MzNWEyOTNmOTM5MmE1ZDAxNzQwM2MyODhm%0AM2QiCmZsYXNoSUM6J0FjdGlvbkNvbnRyb2xsZXI6OkZsYXNoOjpGbGFzaEhh%0Ac2h7BjoLbm90aWNlIiZBcnRpY2xlIHdhcyBzdWNjZXNzZnVsbHkgY3JlYXRl%0AZC4GOgpAdXNlZHsGOwdU--63e63c5dfad69df34b113ba21ee4a1a4afb95889
  Parameters: {"action"=>"show", "id"=>"1", "controller"=>"articles"}
  [4;35;1mArticle Columns (0.016000)[0m   [0mSHOW FIELDS FROM `articles`[0m
  [4;36;1mArticle Load (0.000000)[0m   [0;1mSELECT * FROM `articles` WHERE (`articles`.`id` = 1) [0m
Rendering template within layouts/articles
Rendering articles/show
Completed in 0.20300 (4 reqs/sec) | Rendering: 0.14000 (68%) | DB: 0.01600 (7%) | 200 OK [http://localhost/articles/1]


Processing ArticlesController#index (for 127.0.0.1 at 2010-03-13 12:35:03) [GET]
  Session ID: BAh7BzoMY3NyZl9pZCIlYmQ2N2MzNWEyOTNmOTM5MmE1ZDAxNzQwM2MyODhm%0AM2QiCmZsYXNoSUM6J0FjdGlvbkNvbnRyb2xsZXI6OkZsYXNoOjpGbGFzaEhh%0Ac2h7AAY6CkB1c2VkewA%3D--4e3655cfeaf437d01219d214091cd8135446df44
  Parameters: {"action"=>"index", "controller"=>"articles"}
  [4;35;1mArticle Load (0.000000)[0m   [0mSELECT * FROM `articles` [0m
Rendering template within layouts/articles
Rendering articles/index
  [4;36;1mArticle Columns (0.015000)[0m   [0;1mSHOW FIELDS FROM `articles`[0m
Completed in 0.06200 (16 reqs/sec) | Rendering: 0.03200 (51%) | DB: 0.01500 (24%) | 200 OK [http://localhost/articles]


Processing ArticlesController#new (for 127.0.0.1 at 2010-03-13 12:35:07) [GET]
  Session ID: BAh7BzoMY3NyZl9pZCIlYmQ2N2MzNWEyOTNmOTM5MmE1ZDAxNzQwM2MyODhm%0AM2QiCmZsYXNoSUM6J0FjdGlvbkNvbnRyb2xsZXI6OkZsYXNoOjpGbGFzaEhh%0Ac2h7AAY6CkB1c2VkewA%3D--4e3655cfeaf437d01219d214091cd8135446df44
  Parameters: {"action"=>"new", "controller"=>"articles"}
  [4;35;1mArticle Columns (0.015000)[0m   [0mSHOW FIELDS FROM `articles`[0m
Rendering template within layouts/articles
Rendering articles/new
Completed in 0.06300 (15 reqs/sec) | Rendering: 0.03200 (50%) | DB: 0.01500 (23%) | 200 OK [http://localhost/articles/new]


Processing ArticlesController#create (for 127.0.0.1 at 2010-03-13 12:35:31) [POST]
  Session ID: BAh7BzoMY3NyZl9pZCIlYmQ2N2MzNWEyOTNmOTM5MmE1ZDAxNzQwM2MyODhm%0AM2QiCmZsYXNoSUM6J0FjdGlvbkNvbnRyb2xsZXI6OkZsYXNoOjpGbGFzaEhh%0Ac2h7AAY6CkB1c2VkewA%3D--4e3655cfeaf437d01219d214091cd8135446df44
  Parameters: {"article"=>{"corps"=>"csfghy", "auteur"=>"carm", "titre"=>"lait"}, "commit"=>"Create", "authenticity_token"=>"c6bf354d77f94db887df8d7f3cbe24675df0fac3", "action"=>"create", "controller"=>"articles"}
  [4;36;1mArticle Columns (0.000000)[0m   [0;1mSHOW FIELDS FROM `articles`[0m
  [4;35;1mSQL (0.000000)[0m   [0mBEGIN[0m
  [4;36;1mArticle Create (0.015000)[0m   [0;1mINSERT INTO `articles` (`updated_at`, `corps`, `auteur`, `titre`, `created_at`) VALUES('2010-03-13 12:35:31', 'csfghy', 'carm', 'lait', '2010-03-13 12:35:31')[0m
  [4;35;1mSQL (0.047000)[0m   [0mCOMMIT[0m
Redirected to http://localhost:3000/articles/2
Completed in 0.10900 (9 reqs/sec) | DB: 0.06200 (56%) | 302 Found [http://localhost/articles]


Processing ArticlesController#show (for 127.0.0.1 at 2010-03-13 12:35:32) [GET]
  Session ID: BAh7BzoMY3NyZl9pZCIlYmQ2N2MzNWEyOTNmOTM5MmE1ZDAxNzQwM2MyODhm%0AM2QiCmZsYXNoSUM6J0FjdGlvbkNvbnRyb2xsZXI6OkZsYXNoOjpGbGFzaEhh%0Ac2h7BjoLbm90aWNlIiZBcnRpY2xlIHdhcyBzdWNjZXNzZnVsbHkgY3JlYXRl%0AZC4GOgpAdXNlZHsGOwdU--63e63c5dfad69df34b113ba21ee4a1a4afb95889
  Parameters: {"action"=>"show", "id"=>"2", "controller"=>"articles"}
  [4;36;1mArticle Columns (0.000000)[0m   [0;1mSHOW FIELDS FROM `articles`[0m
  [4;35;1mArticle Load (0.000000)[0m   [0mSELECT * FROM `articles` WHERE (`articles`.`id` = 2) [0m
Rendering template within layouts/articles
Rendering articles/show
Completed in 0.07800 (12 reqs/sec) | Rendering: 0.04700 (60%) | DB: 0.00000 (0%) | 200 OK [http://localhost/articles/2]


Processing ArticlesController#new (for 127.0.0.1 at 2010-03-13 12:43:02) [GET]
  Session ID: BAh7BzoMY3NyZl9pZCIlYmQ2N2MzNWEyOTNmOTM5MmE1ZDAxNzQwM2MyODhm%0AM2QiCmZsYXNoSUM6J0FjdGlvbkNvbnRyb2xsZXI6OkZsYXNoOjpGbGFzaEhh%0Ac2h7AAY6CkB1c2VkewA%3D--4e3655cfeaf437d01219d214091cd8135446df44
  Parameters: {"action"=>"new", "controller"=>"articles"}
WARNING: You're using the Ruby-based MySQL library that ships with Rails. This library is not suited for production. Please install the C-based MySQL library instead (gem install mysql).
  [4;36;1mSQL (0.000000)[0m   [0;1mSET SQL_AUTO_IS_NULL=0[0m
  [4;35;1mArticle Columns (0.000000)[0m   [0mSHOW FIELDS FROM `articles`[0m
Rendering template within layouts/application
Rendering articles/new
Completed in 0.28100 (3 reqs/sec) | Rendering: 0.23400 (83%) | DB: 0.00000 (0%) | 200 OK [http://localhost/articles/new]


Processing ArticlesController#index (for 127.0.0.1 at 2010-03-13 12:43:31) [GET]
  Session ID: BAh7BzoMY3NyZl9pZCIlYmQ2N2MzNWEyOTNmOTM5MmE1ZDAxNzQwM2MyODhm%0AM2QiCmZsYXNoSUM6J0FjdGlvbkNvbnRyb2xsZXI6OkZsYXNoOjpGbGFzaEhh%0Ac2h7AAY6CkB1c2VkewA%3D--4e3655cfeaf437d01219d214091cd8135446df44
  Parameters: {"action"=>"index", "controller"=>"articles"}
  [4;36;1mArticle Load (0.000000)[0m   [0;1mSELECT * FROM `articles` [0m
Rendering template within layouts/application
Rendering articles/index
  [4;35;1mArticle Columns (0.000000)[0m   [0mSHOW FIELDS FROM `articles`[0m
Completed in 0.09400 (10 reqs/sec) | Rendering: 0.07800 (82%) | DB: 0.00000 (0%) | 200 OK [http://localhost/]


Processing ArticlesController#edit (for 127.0.0.1 at 2010-03-13 12:43:56) [GET]
  Session ID: BAh7BzoMY3NyZl9pZCIlYmQ2N2MzNWEyOTNmOTM5MmE1ZDAxNzQwM2MyODhm%0AM2QiCmZsYXNoSUM6J0FjdGlvbkNvbnRyb2xsZXI6OkZsYXNoOjpGbGFzaEhh%0Ac2h7AAY6CkB1c2VkewA%3D--4e3655cfeaf437d01219d214091cd8135446df44
  Parameters: {"action"=>"edit", "id"=>"1", "controller"=>"articles"}
  [4;36;1mArticle Columns (0.000000)[0m   [0;1mSHOW FIELDS FROM `articles`[0m
  [4;35;1mArticle Load (0.000000)[0m   [0mSELECT * FROM `articles` WHERE (`articles`.`id` = 1) [0m
Rendering template within layouts/application
Rendering articles/edit
Completed in 0.12500 (8 reqs/sec) | Rendering: 0.07800 (62%) | DB: 0.00000 (0%) | 200 OK [http://localhost/articles/1/edit]


Processing ArticlesController#update (for 127.0.0.1 at 2010-03-13 12:44:10) [PUT]
  Session ID: BAh7BzoMY3NyZl9pZCIlYmQ2N2MzNWEyOTNmOTM5MmE1ZDAxNzQwM2MyODhm%0AM2QiCmZsYXNoSUM6J0FjdGlvbkNvbnRyb2xsZXI6OkZsYXNoOjpGbGFzaEhh%0Ac2h7AAY6CkB1c2VkewA%3D--4e3655cfeaf437d01219d214091cd8135446df44
  Parameters: {"article"=>{"corps"=>"btejk", "auteur"=>"carmen", "titre"=>"savon"}, "commit"=>"Update", "authenticity_token"=>"c6bf354d77f94db887df8d7f3cbe24675df0fac3", "_method"=>"put", "action"=>"update", "id"=>"1", "controller"=>"articles"}
  [4;36;1mArticle Columns (0.266000)[0m   [0;1mSHOW FIELDS FROM `articles`[0m
  [4;35;1mArticle Load (0.000000)[0m   [0mSELECT * FROM `articles` WHERE (`articles`.`id` = 1) [0m
  [4;36;1mSQL (0.000000)[0m   [0;1mBEGIN[0m
  [4;35;1mArticle Update (0.000000)[0m   [0mUPDATE `articles` SET `created_at` = '2010-03-13 12:34:54', `auteur` = 'carmen', `corps` = 'btejk', `titre` = 'savon', `updated_at` = '2010-03-13 12:44:11' WHERE `id` = 1[0m
  [4;36;1mSQL (0.047000)[0m   [0;1mCOMMIT[0m
Redirected to http://localhost:3000/articles/1
Completed in 0.36000 (2 reqs/sec) | DB: 0.31300 (86%) | 302 Found [http://localhost/articles/1]


Processing ArticlesController#show (for 127.0.0.1 at 2010-03-13 12:44:11) [GET]
  Session ID: BAh7BzoMY3NyZl9pZCIlYmQ2N2MzNWEyOTNmOTM5MmE1ZDAxNzQwM2MyODhm%0AM2QiCmZsYXNoSUM6J0FjdGlvbkNvbnRyb2xsZXI6OkZsYXNoOjpGbGFzaEhh%0Ac2h7BjoLbm90aWNlIiZBcnRpY2xlIHdhcyBzdWNjZXNzZnVsbHkgdXBkYXRl%0AZC4GOgpAdXNlZHsGOwdU--374c784dab470d18bc3b807a3612fb1428145d7f
  Parameters: {"action"=>"show", "id"=>"1", "controller"=>"articles"}
  [4;35;1mArticle Columns (0.000000)[0m   [0mSHOW FIELDS FROM `articles`[0m
  [4;36;1mArticle Load (0.015000)[0m   [0;1mSELECT * FROM `articles` WHERE (`articles`.`id` = 1) [0m
Rendering template within layouts/application
Rendering articles/show
Completed in 0.06300 (15 reqs/sec) | Rendering: 0.03200 (50%) | DB: 0.01500 (23%) | 200 OK [http://localhost/articles/1]


Processing ArticlesController#index (for 127.0.0.1 at 2010-03-13 12:44:26) [GET]
  Session ID: BAh7BzoMY3NyZl9pZCIlYmQ2N2MzNWEyOTNmOTM5MmE1ZDAxNzQwM2MyODhm%0AM2QiCmZsYXNoSUM6J0FjdGlvbkNvbnRyb2xsZXI6OkZsYXNoOjpGbGFzaEhh%0Ac2h7AAY6CkB1c2VkewA%3D--4e3655cfeaf437d01219d214091cd8135446df44
  Parameters: {"action"=>"index", "controller"=>"articles"}
  [4;35;1mArticle Load (0.218000)[0m   [0mSELECT * FROM `articles` [0m
Rendering template within layouts/application
Rendering articles/index
  [4;36;1mArticle Columns (0.000000)[0m   [0;1mSHOW FIELDS FROM `articles`[0m
Completed in 0.28100 (3 reqs/sec) | Rendering: 0.03100 (11%) | DB: 0.21800 (77%) | 200 OK [http://localhost/articles]


Processing ArticlesController#new (for 127.0.0.1 at 2010-03-13 12:44:29) [GET]
  Session ID: BAh7BzoMY3NyZl9pZCIlYmQ2N2MzNWEyOTNmOTM5MmE1ZDAxNzQwM2MyODhm%0AM2QiCmZsYXNoSUM6J0FjdGlvbkNvbnRyb2xsZXI6OkZsYXNoOjpGbGFzaEhh%0Ac2h7AAY6CkB1c2VkewA%3D--4e3655cfeaf437d01219d214091cd8135446df44
  Parameters: {"action"=>"new", "controller"=>"articles"}
  [4;35;1mArticle Columns (0.015000)[0m   [0mSHOW FIELDS FROM `articles`[0m
Rendering template within layouts/application
Rendering articles/new
Completed in 0.06300 (15 reqs/sec) | Rendering: 0.03200 (50%) | DB: 0.01500 (23%) | 200 OK [http://localhost/articles/new]


Processing ArticlesController#create (for 127.0.0.1 at 2010-03-13 12:44:49) [POST]
  Session ID: BAh7BzoMY3NyZl9pZCIlYmQ2N2MzNWEyOTNmOTM5MmE1ZDAxNzQwM2MyODhm%0AM2QiCmZsYXNoSUM6J0FjdGlvbkNvbnRyb2xsZXI6OkZsYXNoOjpGbGFzaEhh%0Ac2h7AAY6CkB1c2VkewA%3D--4e3655cfeaf437d01219d214091cd8135446df44
  Parameters: {"article"=>{"corps"=>"hdhdjjdkdkdk", "auteur"=>"annie", "titre"=>""}, "commit"=>"Create", "authenticity_token"=>"c6bf354d77f94db887df8d7f3cbe24675df0fac3", "action"=>"create", "controller"=>"articles"}
  [4;36;1mArticle Columns (0.015000)[0m   [0;1mSHOW FIELDS FROM `articles`[0m
  [4;35;1mSQL (0.000000)[0m   [0mBEGIN[0m
  [4;36;1mArticle Create (0.000000)[0m   [0;1mINSERT INTO `articles` (`updated_at`, `corps`, `auteur`, `titre`, `created_at`) VALUES('2010-03-13 12:44:49', 'hdhdjjdkdkdk', 'annie', '', '2010-03-13 12:44:49')[0m
  [4;35;1mSQL (0.063000)[0m   [0mCOMMIT[0m
Redirected to http://localhost:3000/articles/3
Completed in 0.09400 (10 reqs/sec) | DB: 0.07800 (82%) | 302 Found [http://localhost/articles]


Processing ArticlesController#show (for 127.0.0.1 at 2010-03-13 12:44:49) [GET]
  Session ID: BAh7BzoMY3NyZl9pZCIlYmQ2N2MzNWEyOTNmOTM5MmE1ZDAxNzQwM2MyODhm%0AM2QiCmZsYXNoSUM6J0FjdGlvbkNvbnRyb2xsZXI6OkZsYXNoOjpGbGFzaEhh%0Ac2h7BjoLbm90aWNlIiZBcnRpY2xlIHdhcyBzdWNjZXNzZnVsbHkgY3JlYXRl%0AZC4GOgpAdXNlZHsGOwdU--63e63c5dfad69df34b113ba21ee4a1a4afb95889
  Parameters: {"action"=>"show", "id"=>"3", "controller"=>"articles"}
  [4;36;1mArticle Columns (0.015000)[0m   [0;1mSHOW FIELDS FROM `articles`[0m
  [4;35;1mArticle Load (0.000000)[0m   [0mSELECT * FROM `articles` WHERE (`articles`.`id` = 3) [0m
Rendering template within layouts/application
Rendering articles/show
Completed in 0.10900 (9 reqs/sec) | Rendering: 0.04700 (43%) | DB: 0.01500 (13%) | 200 OK [http://localhost/articles/3]


Processing ArticlesController#index (for 127.0.0.1 at 2010-03-13 12:47:09) [GET]
  Session ID: BAh7BzoMY3NyZl9pZCIlYmQ2N2MzNWEyOTNmOTM5MmE1ZDAxNzQwM2MyODhm%0AM2QiCmZsYXNoSUM6J0FjdGlvbkNvbnRyb2xsZXI6OkZsYXNoOjpGbGFzaEhh%0Ac2h7AAY6CkB1c2VkewA%3D--4e3655cfeaf437d01219d214091cd8135446df44
  Parameters: {"action"=>"index", "controller"=>"articles"}
WARNING: You're using the Ruby-based MySQL library that ships with Rails. This library is not suited for production. Please install the C-based MySQL library instead (gem install mysql).
  [4;36;1mSQL (0.000000)[0m   [0;1mSET SQL_AUTO_IS_NULL=0[0m
  [4;35;1mArticle Load (0.000000)[0m   [0mSELECT * FROM `articles` [0m
Rendering template within layouts/application
Rendering articles/index
  [4;36;1mArticle Columns (0.000000)[0m   [0;1mSHOW FIELDS FROM `articles`[0m
Completed in 0.26600 (3 reqs/sec) | Rendering: 0.20400 (76%) | DB: 0.00000 (0%) | 200 OK [http://localhost/articles]


Processing ArticlesController#new (for 127.0.0.1 at 2010-03-13 12:47:13) [GET]
  Session ID: BAh7BzoMY3NyZl9pZCIlYmQ2N2MzNWEyOTNmOTM5MmE1ZDAxNzQwM2MyODhm%0AM2QiCmZsYXNoSUM6J0FjdGlvbkNvbnRyb2xsZXI6OkZsYXNoOjpGbGFzaEhh%0Ac2h7AAY6CkB1c2VkewA%3D--4e3655cfeaf437d01219d214091cd8135446df44
  Parameters: {"action"=>"new", "controller"=>"articles"}
  [4;35;1mArticle Columns (0.000000)[0m   [0mSHOW FIELDS FROM `articles`[0m
Rendering template within layouts/application
Rendering articles/new
Completed in 0.09300 (10 reqs/sec) | Rendering: 0.03100 (33%) | DB: 0.00000 (0%) | 200 OK [http://localhost/articles/new]


Processing ArticlesController#create (for 127.0.0.1 at 2010-03-13 12:47:32) [POST]
  Session ID: BAh7BzoMY3NyZl9pZCIlYmQ2N2MzNWEyOTNmOTM5MmE1ZDAxNzQwM2MyODhm%0AM2QiCmZsYXNoSUM6J0FjdGlvbkNvbnRyb2xsZXI6OkZsYXNoOjpGbGFzaEhh%0Ac2h7AAY6CkB1c2VkewA%3D--4e3655cfeaf437d01219d214091cd8135446df44
  Parameters: {"article"=>{"corps"=>"sdjjdkdkkdld;ld;d;;d", "auteur"=>"Ali", "titre"=>""}, "commit"=>"Create", "authenticity_token"=>"c6bf354d77f94db887df8d7f3cbe24675df0fac3", "action"=>"create", "controller"=>"articles"}
  [4;36;1mArticle Columns (0.000000)[0m   [0;1mSHOW FIELDS FROM `articles`[0m
  [4;35;1mSQL (0.015000)[0m   [0mBEGIN[0m
  [4;36;1mSQL (0.000000)[0m   [0;1mCOMMIT[0m
Rendering template within layouts/application
Rendering articles/new
Completed in 0.06200 (16 reqs/sec) | Rendering: 0.03100 (49%) | DB: 0.01500 (24%) | 200 OK [http://localhost/articles]
